C51 COMPILER V9.52.0.0   MAIN                                                              03/01/2022 23:34:52 PAGE 1   


C51 COMPILER V9.52.0.0, COMPILATION OF MODULE MAIN
OBJECT MODULE PLACED IN main.OBJ
COMPILER INVOKED BY: C:\Keil\C51\BIN\C51.EXE main.c BROWSE DEBUG OBJECTEXTEND TABS(2)

line level    source

   1          #include<main.h>
   2          #include<uart_mode1.h>
*** WARNING C318 IN LINE 2 OF main.c: can't open file 'uart_mode1.h'
   3          
   4          
   5          void uart_init(){
   6   1        //khoi tao uart mode 1 ,9600 baud
   7   1        SM0=0;SM1=1;// chon uart mode 1
   8   1        TMOD=0x20; // 0010 xxxx  - timer1 hoat dong che do nap lai
   9   1        TH1=0xFD; // toc do baud 9600
  10   1        TR1=1;//timer 1 bat dau chay
  11   1        TI=1; // san sang gui du lieu
  12   1        REN=1;//cho phep nhan du lieu
  13   1        }
  14          
  15          
  16          char uart_data_ready(){
  17   1        return RI;
  18   1        }
  19          
  20          char uart_read(){
  21   1        RI=0;
  22   1        return SBUF;
  23   1        }
  24          
  25          
  26          void uart_write(char c){
  27   1        while(TI==0);
  28   1        TI=0;
  29   1        SBUF=c;
  30   1        }
  31          
  32          void uart_write_text(char *str){
  33   1        unsigned char i=0;
  34   1        while(str[i]!=0){
  35   2          uart_write(str[i]);
  36   2          i++;
  37   2          }
  38   1        }
  39          
  40          
  41          void main(){
  42   1        // char i;
  43   1        // char tinhyeu[]={'a',' ','y','e','u',' ','e'};
  44   1        uart_init();
  45   1        uart_write_text("xin chao 500 ae nhe");
  46   1        //for(i=0;i<7;i++){
  47   1        //  uart_write(tinhyeu[i]);}
  48   1        while(1){
  49   2          //if(uart_data_ready()==1){
  50   2          //  P2=uart_read();
  51   2          }
  52   1          }
  53              

C51 COMPILER V9.52.0.0   MAIN                                                              03/01/2022 23:34:52 PAGE 2   


MODULE INFORMATION:   STATIC OVERLAYABLE
   CODE SIZE        =     82    ----
   CONSTANT SIZE    =     20    ----
   XDATA SIZE       =   ----    ----
   PDATA SIZE       =   ----    ----
   DATA SIZE        =   ----       3
   IDATA SIZE       =   ----    ----
   BIT SIZE         =   ----    ----
END OF MODULE INFORMATION.


C51 COMPILATION COMPLETE.  1 WARNING(S),  0 ERROR(S)
