C51 COMPILER V9.52.0.0   UART_MODE1                                                        03/22/2022 21:54:16 PAGE 1   


C51 COMPILER V9.52.0.0, COMPILATION OF MODULE UART_MODE1
OBJECT MODULE PLACED IN .\uart_mode1.obj
COMPILER INVOKED BY: C:\Keil\C51\BIN\C51.EXE E:\thuc tap tot nghiep\thuc hanh do an\lib\uart_mode1.c BROWSE DEBUG OBJECT
                    -EXTEND PRINT(.\uart_mode1.lst) TABS(2) OBJECT(.\uart_mode1.obj)

line level    source

   1          #include<main.h>
   2          #include<uart_mode1.h>
*** WARNING C318 IN LINE 2 OF E:\thuc tap tot nghiep\thuc hanh do an\lib\uart_mode1.c: can't open file 'uart_mode1.h'
   3          
   4          #if(FREQ_OSC != 11059200)
                    error "thu vien uart_mode1 chi ho tro tan so hoat dong la 11059200"
              
              
              void uart_init(){
                //khoi tao uart mode 1 ,9600 baud
                SM0=0;SM1=1;// chon uart mode 1
                TMOD&=0x0F; // 0010 xxxx  - timer1 hoat dong che do nap lai
                TMOD|=0x20; //
                
                #if(BAUD_RATE==9600)
                TH1=0xFD;
                #if(BAUD_RATE==2400)
                TH1=0xF4;
                #if(BAUD_RATE==1200)
                TH1=0xE8;
                #elif(BAUD_RATE==19200)
                TH1=0xFD;
                PCON|=0x80;
                #else 
                  #error "toc do baud chi co the la 19200,2400,1200,9600"
                
                TR1=1;//timer 1 bat dau chay
                TI=1; // san sang gui du lieu
                REN=1;//cho phep nhan du lieu
                }
              
              
              char uart_data_ready(){
                return RI;
                }
              
              char uart_read(){
                RI=0;
                return SBUF;
                }
              
              
              void uart_write(char c){
                while(TI==0);
                TI=0;
                SBUF=c;
                }
              
              void uart_write_text(char *str){
                unsigned char i=0;
                while(str[i]!=0){
                  uart_write(str[i]);
                  i++;
                  }
C51 COMPILER V9.52.0.0   UART_MODE1                                                        03/22/2022 21:54:16 PAGE 2   

                }
*** WARNING C316 IN LINE 54 OF E:\thuc tap tot nghiep\thuc hanh do an\lib\uart_mode1.c: unterminated conditionals


MODULE INFORMATION:   STATIC OVERLAYABLE
   CODE SIZE        =   ----    ----
   CONSTANT SIZE    =   ----    ----
   XDATA SIZE       =   ----    ----
   PDATA SIZE       =   ----    ----
   DATA SIZE        =   ----    ----
   IDATA SIZE       =   ----    ----
   BIT SIZE         =   ----    ----
END OF MODULE INFORMATION.


C51 COMPILATION COMPLETE.  2 WARNING(S),  0 ERROR(S)
